<?xml version="1.0" encoding="UTF-8" standalone="yes" ?>
<test-results name="C:\borland\FastCode\Test\Win64\Debug\SpeedTests.exe" total="110" errors="0" failures="43" ignored="0" inconclusive="0" not-run="0" skipped="0" invalid="0" date="2015-07-06" time="93.014">
  <environment nunit-version="DUnitX" clr-version="2.0.0.0" os-version="6.1.0.0" platform="Windows" cwd="c:\test" machine-name="mymachine" user="vincent" user-domain="finalbuilder.com"  />
  <culture-info current-culture="en" current-uiculture="en" />
  <test-suite type="Assembly" name="SpeedTests.exe" executed="true" result="Failure" success="False" time="93.014" asserts="0">
    <results>
        <test-suite type="Namespace" name="SpeedTest" executed="true" result="Success" success="True" time="12.003" asserts="0" >
          <results>
          </results>
        </test-suite>
    </results>
  </test-suite>
</test-results>
