<?xml version="1.0" encoding="UTF-8" standalone="yes" ?>
<test-results name="C:\borland\FastCode\Test\Win64\Debug\SpeedTests.exe" total="120" errors="0" failures="38" ignored="0" inconclusive="0" not-run="0" skipped="0" invalid="0" date="2016-03-24" time="1.394">
  <culture-info current-culture="en" current-uiculture="en" />
  <test-suite type="Assembly" name="SpeedTests.exe" executed="true" result="Failure" success="False" time="1.394" asserts="0">
    <results>
        <test-suite type="Namespace" name="SpeedTest" executed="true" result="Failure" success="False" time="0.229" asserts="0" >
          <results>
          </results>
        </test-suite>
    </results>
  </test-suite>
</test-results>
